2024/12/19 12:17:47 root.go:34: Task tracker started.
2024/12/19 12:19:20 root.go:34: Task tracker started.
2024/12/19 12:19:53 root.go:34: Task tracker started.
2024/12/19 12:19:53 storage.go:44: Tasks written to file: tasks.json
2024/12/19 12:19:53 add.go:33: Task added: {ID:4 Description:Buy paper Status:todo CreatedAt:2024-12-19 12:19:53.401809774 +0300 +03 m=+0.001926095 UpdatedAt:2024-12-19 12:19:53.401809774 +0300 +03 m=+0.001926095}
2024/12/19 12:20:17 root.go:34: Task tracker started.
2024/12/19 12:20:17 storage.go:44: Tasks written to file: tasks.json
2024/12/19 12:20:17 mark.go:67: Task with ID 4 status has been changed as done
2024/12/19 12:20:25 root.go:34: Task tracker started.
2024/12/19 12:20:25 storage.go:44: Tasks written to file: tasks.json
2024/12/19 12:20:25 mark.go:67: Task with ID 2 status has been changed as done
2025/01/13 22:36:40 root.go:34: Task tracker started.
2025/01/14 12:26:41 root.go:34: Task tracker started.
2025/01/14 12:31:09 root.go:34: Task tracker started.
2025/01/14 12:31:18 root.go:34: Task tracker started.
2025/01/14 12:31:49 root.go:34: Task tracker started.
2025/01/14 12:31:54 root.go:34: Task tracker started.
2025/01/14 12:32:07 root.go:34: Task tracker started.
2025/01/14 12:32:07 storage.go:44: Tasks written to file: tasks.json
2025/01/14 12:32:07 add.go:35: Task added: {ID:1617974659 Description:do something Status:todo CreatedAt:2025-01-14 12:32:07.839853817 +0300 +03 m=+0.000588918 UpdatedAt:2025-01-14 12:32:07.839853817 +0300 +03 m=+0.000588918}
2025/01/14 12:32:11 root.go:34: Task tracker started.
